RMG initialization ... 1 image(s) total, 1 per node. 64 MPI processes/image. 
HIP version 50422804 detected.

device 0: , 1700.0 MHz clock, 65520.0 MB memory
Thread level 2.

 EXTERNAL ELECTRIC FIELD INITIALIZATION 
 ====================================== 

 E_field =       0.00036749
 Electric Field Direction: (  0.00000000,   1.00000000,   0.00000000)
 Potential Slope:       0.00036749 Hartree/a.u
 Potential Slope:       0.01889726 eV/A


                     * * * * * * * * * *
                     *    R   M   G    *
                     * * * * * * * * * *

     -- A Real Space Multigrid Electronic structure code --
     --      More information at www.rmgdft.org          --

Code Revision:     5.4.0-develop-94418ba8
Build Date:        Nov 13 2023  12:31:32
Start time:        Thu Nov 16 13:05:02 2023

NOTICE: RMG internal pseudopotentials have switched to
ONCVP from Ultrasoft. You can revert to Ultrasoft by
adding the input tag internal_pseudo_type="ultrasoft" to
your input files.


Files
   Control input file:        input_Efield_y
   Data output file:          Waves/wave.out

Run Setup
    Calculation type:         Structure Optimization.
    Description:              rotate
    Orbital Initialization:   LCAO (432 LCAO and 0 random orbitals)
    Exchange Correlation:     pbe
    Spin Polarization:        OFF
    System charge:            Neutral

Processor Topology
   Total PEs:                 64
   X direction:               4
   Y direction:               4
   Z direction:               4
   MG Threads/PE:             5
   OMP Threads/PE:            7

Grid Points  (Linear Anisotropy: 1.007)
    X:  Total: 200   Per PE: 50   Spacing:0.302 a0  
    Y:  Total: 112   Per PE: 28   Spacing:0.304 a0  
    Z:  Total: 360   Per PE: 90   Spacing:0.304 a0  

    Equivalent energy cutoffs (psi,rho):   106.476    425.903 Ry

    Charge density grid:         2 times finer

Coordinate planes
  Planar Anisotropy: 1.007
  A0-A1 density:    10.890
  A0-A2 density:    10.863
  A1-A2 density:    10.815


Lattice (Cell) Setup
    Type:                       Orthorhombic_primitive
    Volume (a0^3):              225448.36
    Boundary conditions:        Periodic

    X Basis Vector:      60.471       0.000       0.000 a0
    Y Basis Vector:       0.000      34.015       0.000 a0
    Z Basis Vector:       0.000       0.000     109.604 a0
    X Reci Vector:       0.017       0.000       0.000 a0
    Y Reci Vector:       0.000       0.029       0.000 a0
    Z Reci Vector:       0.000       0.000       0.009 a0

K-points
    Gamma Point Only (real orbitals)

Atoms and States
    Number of ions:                          138
    Number of species:                       3
    Number of states:                        323

Run Parameters
    SCF Convergence criterion (potential):   1.00e-07
    SCF Convergence criterion (energy):      1.00e-10
    Max SCF steps:                           100
    Structural optimization force criterion: 100
    Max MD steps                             100
    Timestep for molecular dynamics:          50.00000000
    Restart data write frequency:            5 MD steps

SCF Cycle Settings
    Charge density mixing:                   Pulay  (Order:5 Scale:0.10 Refresh:100)
    Hartree Solver:                          PFFT
    Interpolation type:                      FFT

Finite Difference parameters
    Kohn Sham FD Order:                      8   
    Force Gradient Order:                    8   
    Adaptive Finite Differencing:            On
    Adaptive CFAC:                           0.466667467

Subspace Diagonalization Options
    Frequency:                               every 1 SCF step(s)
    Driver:                                  ScaLapack
    Initial diagonalization:                 ON
    Folded spectrum:                         OFF

Filtering Cutoff  Parameters
    Wavefunction grid (cparm):               0.800
    Charge density grid (rhocparm):          1.000
    Filter factor:                           1.000

Multigrid (MG) Parameters
    Psi MG levels:                           3
    Psi global step:                         0.660 
    Psi pre:                                 2
    Psi post:                                2

Davidson Parameters
    Davidson multiplier:                     4
    Davidson max step:                       8
    Davidson unocc tol factor:               1000.000

Blas Libraries
    CPU support with Cray-libsci-parallel.
    GPU support with hipblas


Atomic Species Information
(PP = Pseudopotential, US = Ultrasoft, NC = Norm Conserving)
-------------------------------------------------------------------------
|Index|Symbol| Mass|Valence| PP |  Comp  |Local| Local|Nlocal|    PP    |
|     |      |     |       |Type|Gaussian|  l  |Radius|Radius|Functional|
-------------------------------------------------------------------------
|    1|     C| 12.0|   4.00|  NC|    0.50|   -1|  8.39|  6.50|       PBE|
|    2|     F| 18.0|   7.00|  NC|    0.50|   -1|  8.39|  7.11|       PBE|
|    3|     H|  1.0|   1.00|  NC|    0.50|   -1|  8.39|  5.29|       PBE|
-------------------------------------------------------------------------

Pseudopotential generation information:
   C pseudopotential file: ./@Internal
      Generation info     : Generated using ONCVPSP code by D. R. Hamann
      Author info         : anonymous
   F pseudopotential file: ./@Internal
      Generation info     : Generated using ONCVPSP code by D. R. Hamann
      Author info         : anonymous
   H pseudopotential file: ./@Internal
      Generation info     : Generated using ONCVPSP code by D. R. Hamann
      Author info         : anonymous


Memory usage (Mbytes):     Min        Max       Total
    wave functions       1302.34    1302.34   83349.57
    beta-functions          0.00     419.33    6660.93



Initial Ionic Positions And Displacements (Bohr)
Species      X           Y           Z           dX          dY          dZ
  H       57.4432      5.6608    101.1550      0.0000      0.0000      0.0000
  C       55.9940      4.8826     99.9023      0.0000      0.0000      0.0000
  H       54.1470      5.0571    100.8150      0.0000      0.0000      0.0000
  H       56.4043      2.8872     99.5460      0.0000      0.0000      0.0000
  C       56.0232      6.3550     97.4545      0.0000      0.0000      0.0000
  F       58.4222      6.2099     96.4327      0.0000      0.0000      0.0000
  F       55.6126      8.8785     98.0103      0.0000      0.0000      0.0000
  C       54.0582      5.4155     95.5388      0.0000      0.0000      0.0000
  H       52.1975      5.6006     96.4367      0.0000      0.0000      0.0000
  H       54.4145      3.3968     95.2207      0.0000      0.0000      0.0000
  C       53.9404      6.6999     92.9462      0.0000      0.0000      0.0000
  F       56.2254      6.4160     91.7325      0.0000      0.0000      0.0000
  F       53.5457      9.2473     93.2595      0.0000      0.0000      0.0000
  C       51.8229      5.5804     91.2866      0.0000      0.0000      0.0000
  H       50.0350      5.7457     92.3223      0.0000      0.0000      0.0000
  H       52.2223      3.5625     91.0349      0.0000      0.0000      0.0000
  C       51.4909      6.8078     88.6784      0.0000      0.0000      0.0000
  F       53.7511      6.7051     87.4005      0.0000      0.0000      0.0000
  F       50.9005      9.3193     89.0072      0.0000      0.0000      0.0000
  C       49.4216      5.5624     87.0456      0.0000      0.0000      0.0000
  H       47.6003      5.7568     88.0128      0.0000      0.0000      0.0000
  H       49.8532      3.5437     86.8403      0.0000      0.0000      0.0000
  C       49.1782      6.7248     84.3981      0.0000      0.0000      0.0000
  F       51.4178      6.4450     83.1183      0.0000      0.0000      0.0000
  F       48.6888      9.2479     84.6131      0.0000      0.0000      0.0000
  C       47.1179      5.4784     82.7136      0.0000      0.0000      0.0000
  F       44.8201      5.4926     84.0078      0.0000      0.0000      0.0000
  H       47.6685      3.4999     82.4056      0.0000      0.0000      0.0000
  C       46.7592      6.7594     80.0792      0.0000      0.0000      0.0000
  F       49.0430      6.5828     78.8607      0.0000      0.0000      0.0000
  F       46.2236      9.2634     80.4072      0.0000      0.0000      0.0000
  C       44.6715      5.5515     78.4557      0.0000      0.0000      0.0000
  H       42.8823      5.7248     79.4849      0.0000      0.0000      0.0000
  H       45.0850      3.5338     78.2055      0.0000      0.0000      0.0000
  C       44.3619      6.7798     75.8294      0.0000      0.0000      0.0000
  F       46.6282      6.6634     74.5704      0.0000      0.0000      0.0000
  F       43.7969      9.2989     76.1397      0.0000      0.0000      0.0000
  C       42.2949      5.5408     74.1848      0.0000      0.0000      0.0000
  H       40.4723      5.7235     75.1597      0.0000      0.0000      0.0000
  H       42.7222      3.5273     73.9613      0.0000      0.0000      0.0000
  C       42.0613      6.6937     71.5277      0.0000      0.0000      0.0000
  F       44.2986      6.4005     70.2738      0.0000      0.0000      0.0000
  F       41.5756      9.2300     71.7275      0.0000      0.0000      0.0000
  C       39.8958      5.5218     69.9039      0.0000      0.0000      0.0000
  H       38.1023      5.7748     70.9183      0.0000      0.0000      0.0000
  F       40.3353      2.9345     69.6811      0.0000      0.0000      0.0000
  C       39.6057      6.6830     67.2165      0.0000      0.0000      0.0000
  F       41.8776      6.5649     66.0023      0.0000      0.0000      0.0000
  F       39.0168      9.1844     67.5770      0.0000      0.0000      0.0000
  C       37.5549      5.4222     65.5838      0.0000      0.0000      0.0000
  H       35.7405      5.5682     66.5793      0.0000      0.0000      0.0000
  H       38.0269      3.4170     65.3533      0.0000      0.0000      0.0000
  C       37.2325      6.6507     62.9647      0.0000      0.0000      0.0000
  F       39.4981      6.5823     61.6994      0.0000      0.0000      0.0000
  F       36.6276      9.1558     63.3010      0.0000      0.0000      0.0000
  C       35.1828      5.4073     61.3185      0.0000      0.0000      0.0000
  H       33.3656      5.4781     62.3093      0.0000      0.0000      0.0000
  H       35.6767      3.4215     61.0139      0.0000      0.0000      0.0000
  C       34.8388      6.6425     58.7240      0.0000      0.0000      0.0000
  F       37.0636      6.5139     57.3960      0.0000      0.0000      0.0000
  F       34.2257      9.1308     59.0299      0.0000      0.0000      0.0000
  C       32.7639      5.3612     57.0727      0.0000      0.0000      0.0000
  F       30.4705      5.4862     58.3671      0.0000      0.0000      0.0000
  H       33.2451      3.3590     56.7940      0.0000      0.0000      0.0000
  C       32.4488      6.5903     54.4275      0.0000      0.0000      0.0000
  F       34.7035      6.3257     53.1980      0.0000      0.0000      0.0000
  F       32.0393      9.1649     54.7579      0.0000      0.0000      0.0000
  C       30.2616      5.7526     52.8235      0.0000      0.0000      0.0000
  H       28.4206      5.7898     53.7354      0.0000      0.0000      0.0000
  C       30.3335      5.6771     50.2912      0.0000      0.0000      0.0000
  F       32.5305      5.5310     49.0290      0.0000      0.0000      0.0000
  C       28.1492      6.2831     48.6026      0.0000      0.0000      0.0000
  H       26.4020      6.2861     49.7121      0.0000      0.0000      0.0000
  H       28.4670      8.2371     47.9652      0.0000      0.0000      0.0000
  C       27.7818      4.6743     46.2352      0.0000      0.0000      0.0000
  F       29.9741      4.5477     44.8882      0.0000      0.0000      0.0000
  F       27.1660      2.2432     46.9296      0.0000      0.0000      0.0000
  C       25.6047      5.7212     44.5451      0.0000      0.0000      0.0000
  H       23.8191      5.4781     45.5852      0.0000      0.0000      0.0000
  F       25.9916      8.3074     44.1895      0.0000      0.0000      0.0000
  C       25.3791      4.4836     41.8945      0.0000      0.0000      0.0000
  F       27.6163      4.8090     40.6506      0.0000      0.0000      0.0000
  F       25.0292      1.9433     42.2965      0.0000      0.0000      0.0000
  C       23.2161      5.5628     40.2808      0.0000      0.0000      0.0000
  H       21.4342      5.2904     41.3019      0.0000      0.0000      0.0000
  H       23.5341      7.5988     40.0705      0.0000      0.0000      0.0000
  C       22.9518      4.3521     37.6454      0.0000      0.0000      0.0000
  F       25.2168      4.5444     36.3943      0.0000      0.0000      0.0000
  F       22.4558      1.8174     37.9528      0.0000      0.0000      0.0000
  C       20.8635      5.5483     35.9987      0.0000      0.0000      0.0000
  H       19.0435      5.3341     36.9672      0.0000      0.0000      0.0000
  H       21.2724      7.5727     35.8148      0.0000      0.0000      0.0000
  C       20.6128      4.3834     33.3390      0.0000      0.0000      0.0000
  F       22.8574      4.5883     32.0567      0.0000      0.0000      0.0000
  F       20.0511      1.8729     33.5687      0.0000      0.0000      0.0000
  C       18.5670      5.6638     31.6392      0.0000      0.0000      0.0000
  F       16.2613      5.6367     32.9154      0.0000      0.0000      0.0000
  H       19.1041      7.6482     31.3434      0.0000      0.0000      0.0000
  C       18.2228      4.4086     28.9841      0.0000      0.0000      0.0000
  F       20.5036      4.6377     27.7686      0.0000      0.0000      0.0000
  F       17.7361      1.8913     29.2782      0.0000      0.0000      0.0000
  C       16.1172      5.6000     27.3649      0.0000      0.0000      0.0000
  H       14.3291      5.4025     28.3907      0.0000      0.0000      0.0000
  H       16.4986      7.6243     27.1292      0.0000      0.0000      0.0000
  C       15.8302      4.3995     24.7215      0.0000      0.0000      0.0000
  F       18.0841      4.6231     23.4479      0.0000      0.0000      0.0000
  F       15.3667      1.8572     24.9902      0.0000      0.0000      0.0000
  C       13.7023      5.5873     23.1104      0.0000      0.0000      0.0000
  H       11.8940      5.3514     24.1051      0.0000      0.0000      0.0000
  H       14.0673      7.6147     22.8924      0.0000      0.0000      0.0000
  C       13.4622      4.4099     20.4613      0.0000      0.0000      0.0000
  F       15.6910      4.6786     19.1865      0.0000      0.0000      0.0000
  F       12.9754      1.8730     20.7023      0.0000      0.0000      0.0000
  C       11.2788      5.5378     18.8201      0.0000      0.0000      0.0000
  H        9.4784      5.2276     19.8098      0.0000      0.0000      0.0000
  F       11.6210      8.1427     18.5991      0.0000      0.0000      0.0000
  C       11.0646      4.3906     16.1138      0.0000      0.0000      0.0000
  F       13.3275      4.6578     14.9039      0.0000      0.0000      0.0000
  F       10.6115      1.8548     16.4257      0.0000      0.0000      0.0000
  C        8.9571      5.5510     14.4850      0.0000      0.0000      0.0000
  H        7.1489      5.3084     15.4742      0.0000      0.0000      0.0000
  H        9.3185      7.5794     14.2628      0.0000      0.0000      0.0000
  C        8.7047      4.3446     11.8427      0.0000      0.0000      0.0000
  F       10.9664      4.5242     10.5798      0.0000      0.0000      0.0000
  F        8.1784      1.8141     12.1163      0.0000      0.0000      0.0000
  C        6.6293      5.5787     10.2384      0.0000      0.0000      0.0000
  H        4.8244      5.4279     11.2454      0.0000      0.0000      0.0000
  H        7.0777      7.5916     10.0349      0.0000      0.0000      0.0000
  C        6.2541      4.4956      7.5730      0.0000      0.0000      0.0000
  F        8.4034      4.8002      6.1397      0.0000      0.0000      0.0000
  F        5.7224      1.9721      7.6751      0.0000      0.0000      0.0000
  C        4.1165      5.8934      6.1449      0.0000      0.0000      0.0000
  F        1.9104      5.8019      7.5893      0.0000      0.0000      0.0000
  H        4.6701      7.8860      5.9459      0.0000      0.0000      0.0000
  C        3.4289      4.9176      3.4951      0.0000      0.0000      0.0000
  F        5.4541      5.1512      1.9031      0.0000      0.0000      0.0000
  F        2.7032      2.4474      3.5540      0.0000      0.0000      0.0000
  H        1.8539      6.0383      2.7147      0.0000      0.0000      0.0000


Initial Ionic Positions And Displacements (Angstrom)
Species      X           Y           Z           dX          dY          dZ
  H       30.3976      2.9956     53.5289      0.0000      0.0000      0.0000
  C       29.6307      2.5838     52.8660      0.0000      0.0000      0.0000
  H       28.6534      2.6761     53.3490      0.0000      0.0000      0.0000
  H       29.8479      1.5279     52.6775      0.0000      0.0000      0.0000
  C       29.6462      3.3629     51.5707      0.0000      0.0000      0.0000
  F       30.9157      3.2861     51.0300      0.0000      0.0000      0.0000
  F       29.4289      4.6983     51.8648      0.0000      0.0000      0.0000
  C       28.6064      2.8657     50.5570      0.0000      0.0000      0.0000
  H       27.6217      2.9637     51.0321      0.0000      0.0000      0.0000
  H       28.7949      1.7975     50.3886      0.0000      0.0000      0.0000
  C       28.5440      3.5455     49.1850      0.0000      0.0000      0.0000
  F       29.7532      3.3952     48.5427      0.0000      0.0000      0.0000
  F       28.3352      4.8935     49.3508      0.0000      0.0000      0.0000
  C       27.4235      2.9530     48.3068      0.0000      0.0000      0.0000
  H       26.4774      3.0405     48.8548      0.0000      0.0000      0.0000
  H       27.6348      1.8852     48.1736      0.0000      0.0000      0.0000
  C       27.2478      3.6025     46.9266      0.0000      0.0000      0.0000
  F       28.4439      3.5482     46.2504      0.0000      0.0000      0.0000
  F       26.9354      4.9316     47.1006      0.0000      0.0000      0.0000
  C       26.1528      2.9435     46.0625      0.0000      0.0000      0.0000
  H       25.1890      3.0463     46.5744      0.0000      0.0000      0.0000
  H       26.3812      1.8752     45.9539      0.0000      0.0000      0.0000
  C       26.0240      3.5586     44.6615      0.0000      0.0000      0.0000
  F       27.2091      3.4106     43.9843      0.0000      0.0000      0.0000
  F       25.7650      4.8938     44.7753      0.0000      0.0000      0.0000
  C       24.9337      2.8990     43.7701      0.0000      0.0000      0.0000
  F       23.7178      2.9065     44.4550      0.0000      0.0000      0.0000
  H       25.2251      1.8520     43.6072      0.0000      0.0000      0.0000
  C       24.7439      3.5769     42.3761      0.0000      0.0000      0.0000
  F       25.9524      3.4835     41.7313      0.0000      0.0000      0.0000
  F       24.4605      4.9020     42.5497      0.0000      0.0000      0.0000
  C       23.6392      2.9378     41.5170      0.0000      0.0000      0.0000
  H       22.6923      3.0294     42.0616      0.0000      0.0000      0.0000
  H       23.8579      1.8700     41.3845      0.0000      0.0000      0.0000
  C       23.4753      3.5877     40.1272      0.0000      0.0000      0.0000
  F       24.6746      3.5261     39.4609      0.0000      0.0000      0.0000
  F       23.1763      4.9207     40.2914      0.0000      0.0000      0.0000
  C       22.3815      2.9321     39.2569      0.0000      0.0000      0.0000
  H       21.4170      3.0287     39.7728      0.0000      0.0000      0.0000
  H       22.6076      1.8665     39.1386      0.0000      0.0000      0.0000
  C       22.2579      3.5421     37.8508      0.0000      0.0000      0.0000
  F       23.4418      3.3870     37.1873      0.0000      0.0000      0.0000
  F       22.0008      4.8843     37.9565      0.0000      0.0000      0.0000
  C       21.1120      2.9220     36.9915      0.0000      0.0000      0.0000
  H       20.1629      3.0559     37.5284      0.0000      0.0000      0.0000
  F       21.3445      1.5529     36.8737      0.0000      0.0000      0.0000
  C       20.9584      3.5365     35.5694      0.0000      0.0000      0.0000
  F       22.1607      3.4740     34.9269      0.0000      0.0000      0.0000
  F       20.6468      4.8602     35.7602      0.0000      0.0000      0.0000
  C       19.8732      2.8693     34.7055      0.0000      0.0000      0.0000
  H       18.9131      2.9465     35.2323      0.0000      0.0000      0.0000
  H       20.1230      1.8082     34.5835      0.0000      0.0000      0.0000
  C       19.7026      3.5194     33.3195      0.0000      0.0000      0.0000
  F       20.9015      3.4832     32.6499      0.0000      0.0000      0.0000
  F       19.3825      4.8450     33.4974      0.0000      0.0000      0.0000
  C       18.6179      2.8614     32.4483      0.0000      0.0000      0.0000
  H       17.6563      2.8989     32.9726      0.0000      0.0000      0.0000
  H       18.8793      1.8106     32.2871      0.0000      0.0000      0.0000
  C       18.4359      3.5151     31.0754      0.0000      0.0000      0.0000
  F       19.6132      3.4470     30.3727      0.0000      0.0000      0.0000
  F       18.1114      4.8318     31.2373      0.0000      0.0000      0.0000
  C       17.3379      2.8370     30.2016      0.0000      0.0000      0.0000
  F       16.1243      2.9032     30.8865      0.0000      0.0000      0.0000
  H       17.5925      1.7775     30.0541      0.0000      0.0000      0.0000
  C       17.1711      3.4874     28.8018      0.0000      0.0000      0.0000
  F       18.3643      3.3474     28.1512      0.0000      0.0000      0.0000
  F       16.9545      4.8499     28.9766      0.0000      0.0000      0.0000
  C       16.0138      3.0442     27.9530      0.0000      0.0000      0.0000
  H       15.0395      3.0638     28.4356      0.0000      0.0000      0.0000
  C       16.0518      3.0042     26.6130      0.0000      0.0000      0.0000
  F       17.2144      2.9269     25.9450      0.0000      0.0000      0.0000
  C       14.8959      3.3249     25.7194      0.0000      0.0000      0.0000
  H       13.9713      3.3264     26.3065      0.0000      0.0000      0.0000
  H       15.0641      4.3589     25.3821      0.0000      0.0000      0.0000
  C       14.7015      2.4735     24.4666      0.0000      0.0000      0.0000
  F       15.8616      2.4066     23.7538      0.0000      0.0000      0.0000
  F       14.3756      1.1870     24.8341      0.0000      0.0000      0.0000
  C       13.5494      3.0275     23.5723      0.0000      0.0000      0.0000
  H       12.6045      2.8989     24.1227      0.0000      0.0000      0.0000
  F       13.7541      4.3961     23.3841      0.0000      0.0000      0.0000
  C       13.4300      2.3726     22.1696      0.0000      0.0000      0.0000
  F       14.6139      2.5448     21.5114      0.0000      0.0000      0.0000
  F       13.2449      1.0283     22.3823      0.0000      0.0000      0.0000
  C       12.2854      2.9437     21.3157      0.0000      0.0000      0.0000
  H       11.3425      2.7996     21.8560      0.0000      0.0000      0.0000
  H       12.4537      4.0211     21.2044      0.0000      0.0000      0.0000
  C       12.1456      2.3030     19.9211      0.0000      0.0000      0.0000
  F       13.3442      2.4048     19.2591      0.0000      0.0000      0.0000
  F       11.8831      0.9617     20.0838      0.0000      0.0000      0.0000
  C       11.0405      2.9360     19.0497      0.0000      0.0000      0.0000
  H       10.0774      2.8227     19.5622      0.0000      0.0000      0.0000
  H       11.2569      4.0073     18.9524      0.0000      0.0000      0.0000
  C       10.9078      2.3196     17.6422      0.0000      0.0000      0.0000
  F       12.0956      2.4280     16.9637      0.0000      0.0000      0.0000
  F       10.6106      0.9911     17.7638      0.0000      0.0000      0.0000
  C        9.8253      2.9971     16.7427      0.0000      0.0000      0.0000
  F        8.6051      2.9828     17.4181      0.0000      0.0000      0.0000
  H       10.1095      4.0472     16.5862      0.0000      0.0000      0.0000
  C        9.6431      2.3329     15.3377      0.0000      0.0000      0.0000
  F       10.8501      2.4542     14.6945      0.0000      0.0000      0.0000
  F        9.3855      1.0008     15.4934      0.0000      0.0000      0.0000
  C        8.5288      2.9634     14.4809      0.0000      0.0000      0.0000
  H        7.5826      2.8589     15.0237      0.0000      0.0000      0.0000
  H        8.7307      4.0346     14.3562      0.0000      0.0000      0.0000
  C        8.3770      2.3281     13.0820      0.0000      0.0000      0.0000
  F        9.5697      2.4465     12.4081      0.0000      0.0000      0.0000
  F        8.1317      0.9828     13.2243      0.0000      0.0000      0.0000
  C        7.2510      2.9567     12.2295      0.0000      0.0000      0.0000
  H        6.2940      2.8319     12.7559      0.0000      0.0000      0.0000
  H        7.4441      4.0295     12.1141      0.0000      0.0000      0.0000
  C        7.1239      2.3336     10.8277      0.0000      0.0000      0.0000
  F        8.3033      2.4758     10.1531      0.0000      0.0000      0.0000
  F        6.8663      0.9911     10.9552      0.0000      0.0000      0.0000
  C        5.9685      2.9305      9.9592      0.0000      0.0000      0.0000
  H        5.0158      2.7663     10.4829      0.0000      0.0000      0.0000
  F        6.1496      4.3089      9.8422      0.0000      0.0000      0.0000
  C        5.8551      2.3234      8.5271      0.0000      0.0000      0.0000
  F        7.0526      2.4648      7.8868      0.0000      0.0000      0.0000
  F        5.6154      0.9815      8.6921      0.0000      0.0000      0.0000
  C        4.7399      2.9374      7.6651      0.0000      0.0000      0.0000
  H        3.7830      2.8091      8.1886      0.0000      0.0000      0.0000
  H        4.9311      4.0108      7.5476      0.0000      0.0000      0.0000
  C        4.6063      2.2991      6.2669      0.0000      0.0000      0.0000
  F        5.8032      2.3941      5.5986      0.0000      0.0000      0.0000
  F        4.3278      0.9600      6.4117      0.0000      0.0000      0.0000
  C        3.5081      2.9521      5.4179      0.0000      0.0000      0.0000
  H        2.5530      2.8723      5.9508      0.0000      0.0000      0.0000
  H        3.7454      4.0173      5.3102      0.0000      0.0000      0.0000
  C        3.3095      2.3790      4.0075      0.0000      0.0000      0.0000
  F        4.4469      2.5402      3.2490      0.0000      0.0000      0.0000
  F        3.0282      1.0436      4.0615      0.0000      0.0000      0.0000
  C        2.1784      3.1186      3.2518      0.0000      0.0000      0.0000
  F        1.0109      3.0702      4.0161      0.0000      0.0000      0.0000
  H        2.4713      4.1731      3.1465      0.0000      0.0000      0.0000
  C        1.8145      2.6023      1.8495      0.0000      0.0000      0.0000
  F        2.8862      2.7259      1.0071      0.0000      0.0000      0.0000
  F        1.4305      1.2951      1.8807      0.0000      0.0000      0.0000
  H        0.9810      3.1954      1.4366      0.0000      0.0000      0.0000

Diagonalization using scalapack for step=0  count=0



KOHN SHAM EIGENVALUES [eV] AT K-POINT [  0]:       0.000000      0.000000      0.000000

[kpt   0  -1   0]   -33.3645 [2.000]   -33.3424 [2.000]   -33.3411 [2.000]   -33.3191 [2.000]   -33.3129 [2.000]
[kpt   0  -1   1]   -33.2826 [2.000]   -33.2733 [2.000]   -33.2164 [2.000]   -33.2104 [2.000]   -33.1706 [2.000]
[kpt   0  -1   2]   -33.1640 [2.000]   -33.1210 [2.000]   -33.1119 [2.000]   -33.0809 [2.000]   -33.0594 [2.000]
[kpt   0  -1   3]   -33.0329 [2.000]   -33.0229 [2.000]   -33.0017 [2.000]   -32.9797 [2.000]   -32.9724 [2.000]
[kpt   0  -1   4]   -32.9517 [2.000]   -32.9342 [2.000]   -32.7740 [2.000]   -32.3770 [2.000]   -32.3422 [2.000]
[kpt   0  -1   5]   -32.3408 [2.000]   -32.3386 [2.000]   -32.3340 [2.000]   -32.3337 [2.000]   -32.3142 [2.000]
[kpt   0  -1   6]   -31.9932 [2.000]   -31.9767 [2.000]   -31.9658 [2.000]   -31.9507 [2.000]   -31.9503 [2.000]
[kpt   0  -1   7]   -31.9258 [2.000]   -31.9186 [2.000]   -31.8963 [2.000]   -31.8812 [2.000]   -31.8656 [2.000]
[kpt   0  -1   8]   -31.8468 [2.000]   -31.8385 [2.000]   -31.8202 [2.000]   -31.8127 [2.000]   -31.7760 [2.000]
[kpt   0  -1   9]   -31.7636 [2.000]   -31.7603 [2.000]   -31.7501 [2.000]   -31.7344 [2.000]   -31.7189 [2.000]
[kpt   0  -1  10]   -31.7054 [2.000]   -31.6962 [2.000]   -23.6136 [2.000]   -23.3258 [2.000]   -23.0958 [2.000]
[kpt   0  -1  11]   -23.0609 [2.000]   -23.0248 [2.000]   -22.9995 [2.000]   -22.9631 [2.000]   -22.8539 [2.000]
[kpt   0  -1  12]   -22.3320 [2.000]   -22.2909 [2.000]   -22.2528 [2.000]   -22.1890 [2.000]   -22.1099 [2.000]
[kpt   0  -1  13]   -22.0342 [2.000]   -21.9754 [2.000]   -21.3487 [2.000]   -21.2552 [2.000]   -21.1604 [2.000]
[kpt   0  -1  14]   -20.9697 [2.000]   -20.8792 [2.000]   -20.7360 [2.000]   -20.6282 [2.000]   -20.5460 [2.000]
[kpt   0  -1  15]   -19.2998 [2.000]   -19.2178 [2.000]   -19.0795 [2.000]   -18.9302 [2.000]   -18.7280 [2.000]
[kpt   0  -1  16]   -18.5521 [2.000]   -18.3120 [2.000]   -18.1548 [2.000]   -17.8905 [2.000]   -17.7595 [2.000]
[kpt   0  -1  17]   -17.5472 [2.000]   -17.4618 [2.000]   -17.2961 [2.000]   -17.2512 [2.000]   -17.1293 [2.000]
[kpt   0  -1  18]   -17.0934 [2.000]   -17.0707 [2.000]   -17.0459 [2.000]   -17.0103 [2.000]   -17.0044 [2.000]
[kpt   0  -1  19]   -16.9956 [2.000]   -16.9845 [2.000]   -16.6638 [2.000]   -15.7318 [2.000]   -15.7111 [2.000]
[kpt   0  -1  20]   -15.6709 [2.000]   -15.6621 [2.000]   -15.6546 [2.000]   -15.6318 [2.000]   -15.5853 [2.000]
[kpt   0  -1  21]   -15.5790 [2.000]   -15.5185 [2.000]   -15.5142 [2.000]   -15.5021 [2.000]   -15.4955 [2.000]
[kpt   0  -1  22]   -15.4891 [2.000]   -15.4836 [2.000]   -15.4630 [2.000]   -15.4527 [2.000]   -15.4427 [2.000]
[kpt   0  -1  23]   -15.4312 [2.000]   -15.4245 [2.000]   -15.4124 [2.000]   -15.3743 [2.000]   -15.3642 [2.000]
[kpt   0  -1  24]   -15.3512 [2.000]   -15.3228 [2.000]   -15.3118 [2.000]   -15.2905 [2.000]   -15.2801 [2.000]
[kpt   0  -1  25]   -15.2547 [2.000]   -15.2360 [2.000]   -15.2287 [2.000]   -15.1929 [2.000]   -15.1742 [2.000]
[kpt   0  -1  26]   -15.1357 [2.000]   -15.1204 [2.000]   -15.1131 [2.000]   -15.0720 [2.000]   -15.0678 [2.000]
[kpt   0  -1  27]   -15.0307 [2.000]   -15.0127 [2.000]   -15.0037 [2.000]   -14.9928 [2.000]   -14.9673 [2.000]
[kpt   0  -1  28]   -14.9230 [2.000]   -14.8701 [2.000]   -14.7927 [2.000]   -14.7381 [2.000]   -14.6050 [2.000]
[kpt   0  -1  29]   -14.5761 [2.000]   -14.5185 [2.000]   -14.4735 [2.000]   -14.4103 [2.000]   -14.3782 [2.000]
[kpt   0  -1  30]   -14.3504 [2.000]   -14.3383 [2.000]   -14.3177 [2.000]   -14.2929 [2.000]   -14.2102 [2.000]
[kpt   0  -1  31]   -14.1875 [2.000]   -14.1614 [2.000]   -14.1371 [2.000]   -14.0936 [2.000]   -14.0888 [2.000]
[kpt   0  -1  32]   -14.0693 [2.000]   -14.0654 [2.000]   -13.9957 [2.000]   -13.9882 [2.000]   -13.8698 [2.000]
[kpt   0  -1  33]   -13.8606 [2.000]   -13.8602 [2.000]   -13.8553 [2.000]   -13.8537 [2.000]   -13.7984 [2.000]
[kpt   0  -1  34]   -13.7938 [2.000]   -13.7749 [2.000]   -13.5711 [2.000]   -13.5678 [2.000]   -13.4822 [2.000]
[kpt   0  -1  35]   -13.4702 [2.000]   -13.4689 [2.000]   -13.4626 [2.000]   -13.4516 [2.000]   -13.4177 [2.000]
[kpt   0  -1  36]   -13.3942 [2.000]   -13.2107 [2.000]   -13.1933 [2.000]   -13.1914 [2.000]   -13.1828 [2.000]
[kpt   0  -1  37]   -13.1788 [2.000]   -13.1678 [2.000]   -13.1427 [2.000]   -13.0347 [2.000]   -12.9101 [2.000]
[kpt   0  -1  38]   -12.4656 [2.000]   -12.4577 [2.000]   -12.4563 [2.000]   -12.4460 [2.000]   -12.4422 [2.000]
[kpt   0  -1  39]   -12.4325 [2.000]   -12.4020 [2.000]   -12.3489 [2.000]   -12.3199 [2.000]   -12.3043 [2.000]
[kpt   0  -1  40]   -12.2856 [2.000]   -12.2635 [2.000]   -12.2470 [2.000]   -12.2276 [2.000]   -12.1136 [2.000]
[kpt   0  -1  41]   -12.1079 [2.000]   -12.1064 [2.000]   -12.1031 [2.000]   -12.0982 [2.000]   -12.0932 [2.000]
[kpt   0  -1  42]   -12.0814 [2.000]   -12.0183 [2.000]   -12.0124 [2.000]   -12.0087 [2.000]   -11.9919 [2.000]
[kpt   0  -1  43]   -11.9783 [2.000]   -11.9705 [2.000]   -11.9545 [2.000]   -11.9076 [2.000]   -11.9059 [2.000]
[kpt   0  -1  44]   -11.8857 [2.000]   -11.8783 [2.000]   -11.8372 [2.000]   -11.7902 [2.000]   -11.7444 [2.000]
[kpt   0  -1  45]   -11.7289 [2.000]   -11.7071 [2.000]   -11.6502 [2.000]   -11.5989 [2.000]   -11.5858 [2.000]
[kpt   0  -1  46]   -11.5683 [2.000]   -11.5459 [2.000]   -11.5433 [2.000]   -11.5306 [2.000]   -11.5260 [2.000]
[kpt   0  -1  47]   -11.5250 [2.000]   -11.5211 [2.000]   -11.5029 [2.000]   -11.4999 [2.000]   -11.4901 [2.000]
[kpt   0  -1  48]   -11.4879 [2.000]   -11.4758 [2.000]   -11.4722 [2.000]   -11.4708 [2.000]   -11.4617 [2.000]
[kpt   0  -1  49]   -11.4581 [2.000]   -11.4555 [2.000]   -11.4530 [2.000]   -11.4451 [2.000]   -11.4423 [2.000]
[kpt   0  -1  50]   -11.4390 [2.000]   -11.4380 [2.000]   -11.4279 [2.000]   -11.4260 [2.000]   -11.4173 [2.000]
[kpt   0  -1  51]   -11.4114 [2.000]   -11.4094 [2.000]   -11.4077 [2.000]   -11.3998 [2.000]   -11.3958 [2.000]
[kpt   0  -1  52]   -11.3924 [2.000]   -11.3860 [2.000]   -11.3764 [2.000]   -11.3738 [2.000]   -11.3566 [2.000]
[kpt   0  -1  53]   -11.3552 [2.000]   -11.3099 [2.000]   -11.2673 [2.000]   -11.2439 [2.000]   -11.2229 [2.000]
[kpt   0  -1  54]   -11.2059 [2.000]   -11.0485 [2.000]   -10.8594 [2.000]   -10.8590 [2.000]   -10.8562 [2.000]
[kpt   0  -1  55]   -10.8482 [2.000]   -10.8417 [2.000]   -10.8384 [2.000]   -10.3912 [2.000]   -10.2766 [2.000]
[kpt   0  -1  56]   -10.2516 [2.000]   -10.2386 [2.000]   -10.2094 [2.000]   -10.1914 [2.000]   -10.1195 [2.000]
[kpt   0  -1  57]   -10.1096 [2.000]    -9.9249 [2.000]    -9.8814 [2.000]    -9.7749 [2.000]    -9.7029 [2.000]
[kpt   0  -1  58]    -9.6200 [2.000]    -9.5362 [2.000]    -9.5090 [2.000]    -9.0930 [2.000]    -3.7836 [0.000]
[kpt   0  -1  59]    -1.2783 [0.000]    -1.2269 [0.000]    -1.1334 [0.000]    -1.0366 [0.000]    -0.9624 [0.000]
[kpt   0  -1  60]    -0.8866 [0.000]    -0.8462 [0.000]    -0.3310 [0.000]    -0.1604 [0.000]    -0.0965 [0.000]
[kpt   0  -1  61]    -0.0568 [0.000]     0.1260 [0.000]     0.2842 [0.000]     0.4695 [0.000]     0.5084 [0.000]
[kpt   0  -1  62]     0.7583 [0.000]     0.8351 [0.000]     0.8659 [0.000]     0.8787 [0.000]     0.8904 [0.000]
[kpt   0  -1  63]     0.9088 [0.000]     1.0570 [0.000]     1.2362 [0.000]     1.3812 [0.000]     1.4414 [0.000]
[kpt   0  -1  64]     1.5572 [0.000]     1.5708 [0.000]     1.6479 [0.000]     1.7146 [0.000]     1.7310 [0.000]
[kpt   0  -1  65]     1.7590 [0.000]     1.7698 [0.000]     1.7780 [0.000]     1.9574 [0.000]     1.9953 [0.000]
[kpt   0  -1  66]     2.0942 [0.000]     2.1852 [0.000]     2.2191 [0.000]     2.2250 [0.000]     2.2322 [0.000]
[kpt   0  -1  67]     2.2862 [0.000]     2.3043 [0.000]     2.3132 [0.000]     2.4244 [0.000]     2.4587 [0.000]
[kpt   0  -1  68]     2.5328 [0.000]     2.6350 [0.000]     2.6738 [0.000]     2.7792 [0.000]     2.8204 [0.000]
[kpt   0  -1  69]     2.8596 [0.000]     2.9460 [0.000]     2.9706 [0.000]     3.0113 [0.000]     3.0350 [0.000]
[kpt   0  -1  70]     3.0632 [0.000]     3.1228 [0.000]     3.1424 [0.000]     3.1823 [0.000]     3.2171 [0.000]
[kpt   0  -1  71]     3.2664 [0.000]     3.2899 [0.000]     3.3060 [0.000]     3.3188 [0.000]     3.4797 [0.000]
[kpt   0  -1  72]     3.5231 [0.000]     3.5963 [0.000]     3.6259 [0.000]     3.6291 [0.000]     3.6881 [0.000]
[kpt   0  -1  73]     3.7400 [0.000]     3.7702 [0.000]     3.8915 [0.000]     3.9331 [0.000]     3.9964 [0.000]
[kpt   0  -1  74]     4.0290 [0.000]     4.0562 [0.000]     4.1728 [0.000]     4.2143 [0.000]     4.2536 [0.000]
[kpt   0  -1  75]     4.2705 [0.000]     4.3635 [0.000]     4.3859 [0.000]     4.4511 [0.000]     4.4706 [0.000]
[kpt   0  -1  76]     4.4887 [0.000]     4.5510 [0.000]     4.6195 [0.000]     4.6398 [0.000]     4.6938 [0.000]
[kpt   0  -1  77]     4.7709 [0.000]     4.8080 [0.000]     4.8465 [0.000]     4.9197 [0.000]     4.9592 [0.000]
[kpt   0  -1  78]     5.0576 [0.000]     5.1298 [0.000]     5.1815 [0.000]     5.2036 [0.000]     5.2293 [0.000]
[kpt   0  -1  79]     5.2454 [0.000]     5.3040 [0.000]     5.3573 [0.000]     5.3912 [0.000]     5.4224 [0.000]
[kpt   0  -1  80]     5.4570 [0.000]     5.4837 [0.000]     5.5483 [0.000]     5.5740 [0.000]     5.6567 [0.000]
[kpt   0  -1  81]     5.7223 [0.000]     5.7395 [0.000]     5.7753 [0.000]     5.8289 [0.000]     5.9340 [0.000]
[kpt   0  -1  82]     5.9766 [0.000]     6.0047 [0.000]     6.0295 [0.000]     6.0697 [0.000]     6.0999 [0.000]
[kpt   0  -1  83]     6.1143 [0.000]     6.1433 [0.000]     6.1978 [0.000]     6.2161 [0.000]     6.2347 [0.000]
[kpt   0  -1  84]     6.2844 [0.000]     6.3241 [0.000]     6.3410 [0.000]     6.3634 [0.000]     6.4078 [0.000]
[kpt   0  -1  85]     6.4383 [0.000]     6.4947 [0.000]     6.5432 [0.000]     6.5740 [0.000]     6.6081 [0.000]
[kpt   0  -1  86]     8.3697 [0.000]    11.6967 [0.000]


Charge density mixing: Linear with a constant of 0.10 

 charge density is NEGATIVE after interpolation, minimum is -5.759753e-06
 minimum charge density with core charge added is -5.759753e-06
